<?xml version="1.0" encoding="UTF-8"?>
<testsuite name="edu.cmu.sphinx.frontend.DataBlockerTest" tests="3" skipped="0" failures="0" errors="0" timestamp="2017-11-12T14:35:06" hostname="tibi-Desktop" time="0.013">
  <properties/>
  <testcase name="skipLastSamples on DataBlockerTest" classname="edu.cmu.sphinx.frontend.DataBlockerTest" time="0.008"/>
  <testcase name="testLongInput on DataBlockerTest" classname="edu.cmu.sphinx.frontend.DataBlockerTest" time="0.0"/>
  <testcase name="testUsualInput on DataBlockerTest" classname="edu.cmu.sphinx.frontend.DataBlockerTest" time="0.0"/>
  <system-out><![CDATA[]]></system-out>
  <system-err><![CDATA[]]></system-err>
</testsuite>
