<?xml version="1.0" encoding="UTF-8"?>
<testsuite name="edu.cmu.sphinx.api.LiveRecognizerTest" tests="3" skipped="0" failures="0" errors="0" timestamp="2017-11-12T14:35:22" hostname="tibi-Desktop" time="20.289">
  <properties/>
  <testcase name="testGram" classname="edu.cmu.sphinx.api.LiveRecognizerTest" time="18.009"/>
  <testcase name="testGramWeights" classname="edu.cmu.sphinx.api.LiveRecognizerTest" time="0.983"/>
  <testcase name="testLm" classname="edu.cmu.sphinx.api.LiveRecognizerTest" time="1.296"/>
  <system-out><![CDATA[]]></system-out>
  <system-err><![CDATA[16:35:23.351 INFO unitManager          CI Unit: *+NSN+
16:35:23.351 INFO unitManager          CI Unit: *+SPN+
16:35:23.351 INFO unitManager          CI Unit: AA
16:35:23.351 INFO unitManager          CI Unit: AE
16:35:23.352 INFO unitManager          CI Unit: AH
16:35:23.352 INFO unitManager          CI Unit: AO
16:35:23.352 INFO unitManager          CI Unit: AW
16:35:23.352 INFO unitManager          CI Unit: AY
16:35:23.352 INFO unitManager          CI Unit: B
16:35:23.352 INFO unitManager          CI Unit: CH
16:35:23.352 INFO unitManager          CI Unit: D
16:35:23.352 INFO unitManager          CI Unit: DH
16:35:23.352 INFO unitManager          CI Unit: EH
16:35:23.352 INFO unitManager          CI Unit: ER
16:35:23.352 INFO unitManager          CI Unit: EY
16:35:23.352 INFO unitManager          CI Unit: F
16:35:23.352 INFO unitManager          CI Unit: G
16:35:23.353 INFO unitManager          CI Unit: HH
16:35:23.353 INFO unitManager          CI Unit: IH
16:35:23.353 INFO unitManager          CI Unit: IY
16:35:23.353 INFO unitManager          CI Unit: JH
16:35:23.353 INFO unitManager          CI Unit: K
16:35:23.353 INFO unitManager          CI Unit: L
16:35:23.353 INFO unitManager          CI Unit: M
16:35:23.353 INFO unitManager          CI Unit: N
16:35:23.353 INFO unitManager          CI Unit: NG
16:35:23.353 INFO unitManager          CI Unit: OW
16:35:23.353 INFO unitManager          CI Unit: OY
16:35:23.353 INFO unitManager          CI Unit: P
16:35:23.353 INFO unitManager          CI Unit: R
16:35:23.354 INFO unitManager          CI Unit: S
16:35:23.354 INFO unitManager          CI Unit: SH
16:35:23.354 INFO unitManager          CI Unit: T
16:35:23.354 INFO unitManager          CI Unit: TH
16:35:23.354 INFO unitManager          CI Unit: UH
16:35:23.354 INFO unitManager          CI Unit: UW
16:35:23.354 INFO unitManager          CI Unit: V
16:35:23.354 INFO unitManager          CI Unit: W
16:35:23.354 INFO unitManager          CI Unit: Y
16:35:23.354 INFO unitManager          CI Unit: Z
16:35:23.354 INFO unitManager          CI Unit: ZH
16:35:23.750 INFO autoCepstrum         Cepstrum component auto-configured as follows: autoCepstrum {MelFrequencyFilterBank, Denoise, DiscreteCosineTransform2, Lifter}
16:35:23.752 INFO acousticModelLoader  Loading tied-state acoustic model from: jar:file:/mnt/Lucru/Proiecte/SLP/aligner/sphinx4/sphinx4-data/build/libs/sphinx4-data-5prealpha-SNAPSHOT.jar!/edu/cmu/sphinx/models/en-us/en-us
16:35:23.752 INFO acousticModelLoader  Pool means Entries: 16128
16:35:23.752 INFO acousticModelLoader  Pool variances Entries: 16128
16:35:23.752 INFO acousticModelLoader  Pool transition_matrices Entries: 42
16:35:23.752 INFO acousticModelLoader  Pool senones Entries: 5126
16:35:23.753 INFO acousticModelLoader  Gaussian weights: mixture_weights. Entries: 15378
16:35:23.753 INFO acousticModelLoader  Pool senones Entries: 5126
16:35:23.753 INFO acousticModelLoader  Context Independent Unit Entries: 42
16:35:23.753 INFO acousticModelLoader  HMM Manager: 137095 hmms
16:35:23.753 INFO acousticModel        CompositeSenoneSequences: 0
16:35:23.753 INFO dictionary           Loading dictionary from: jar:file:/mnt/Lucru/Proiecte/SLP/aligner/sphinx4/sphinx4-data/build/libs/sphinx4-data-5prealpha-SNAPSHOT.jar!/edu/cmu/sphinx/models/en-us/cmudict-en-us.dict
16:35:23.815 INFO dictionary           Loading filler dictionary from: jar:file:/mnt/Lucru/Proiecte/SLP/aligner/sphinx4/sphinx4-data/build/libs/sphinx4-data-5prealpha-SNAPSHOT.jar!/edu/cmu/sphinx/models/en-us/en-us/noisedict
16:35:39.776 INFO grXmlGrammar         Num nodes : 41
16:35:39.776 INFO grXmlGrammar         Num arcs  : 73
16:35:39.777 INFO grXmlGrammar         Avg arcs  : 1.7804878
16:35:40.233 INFO speedTracker         # ----------------------------- Timers----------------------------------------
16:35:40.234 INFO speedTracker         # Name               Count   CurTime   MinTime   MaxTime   AvgTime   TotTime   
16:35:40.234 INFO speedTracker         Score                364     0.0000s   0.0000s   0.0220s   0.0026s   0.9340s   
16:35:40.234 INFO speedTracker         Prune                1272    0.0000s   0.0000s   0.0010s   0.0000s   0.0020s   
16:35:40.234 INFO speedTracker         Grow                 1274    0.0000s   0.0000s   1.4410s   0.0022s   2.7640s   
16:35:40.234 INFO speedTracker         Load Dictionary      1       0.1060s   0.1060s   0.1060s   0.1060s   0.1060s   
16:35:40.235 INFO speedTracker         grammarLoad          1       15.9620s  15.9620s  15.9620s  15.9620s  15.9620s  
16:35:40.235 INFO speedTracker         Load Dictionary      1       0.0750s   0.0750s   0.0750s   0.0750s   0.0750s   
16:35:40.235 INFO speedTracker         Load AM              1       1.0680s   1.0680s   1.0680s   1.0680s   1.0680s   
16:35:40.235 INFO speedTracker         Load AM              1       1.7890s   1.7890s   1.7890s   1.7890s   1.7890s   
16:35:40.235 INFO speedTracker         Compile              1       0.3650s   0.3650s   0.3650s   0.3650s   0.3650s   
16:35:40.236 INFO speedTracker         Frontend             184     0.0000s   0.0000s   0.0130s   0.0001s   0.0160s   
16:35:40.236 INFO speedTracker         Compile              1       0.4150s   0.4150s   0.4150s   0.4150s   0.4150s   
16:35:40.236 INFO speedTracker         Create States        1       0.0330s   0.0330s   0.0330s   0.0330s   0.0330s   
16:35:40.236 INFO speedTracker         Collect Contexts     1       0.0010s   0.0010s   0.0010s   0.0010s   0.0010s   
16:35:40.237 INFO speedTracker         Expand States        1       0.3630s   0.3630s   0.3630s   0.3630s   0.3630s   
16:35:40.237 INFO speedTracker         Connect Nodes        1       0.0140s   0.0140s   0.0140s   0.0140s   0.0140s   
16:35:40.237 INFO speedTracker         Load Dictionary      1       0.0620s   0.0620s   0.0620s   0.0620s   0.0620s   
16:35:40.676 INFO speedTracker            This  Time Audio: 1.85s  Proc: 0.41s  Speed: 0.22 X real time
16:35:40.676 INFO speedTracker            Total Time Audio: 1.85s  Proc: 0.41s 0.22 X real time
16:35:40.676 INFO memoryTracker           Mem  Total: 1168.50 Mb  Free: 898.45 Mb
16:35:40.676 INFO memoryTracker           Used: This: 270.05 Mb  Avg: 270.05 Mb  Max: 270.05 Mb
16:35:41.101 INFO unitManager          CI Unit: *+NSN+
16:35:41.101 INFO unitManager          CI Unit: *+SPN+
16:35:41.101 INFO unitManager          CI Unit: AA
16:35:41.101 INFO unitManager          CI Unit: AE
16:35:41.101 INFO unitManager          CI Unit: AH
16:35:41.101 INFO unitManager          CI Unit: AO
16:35:41.101 INFO unitManager          CI Unit: AW
16:35:41.102 INFO unitManager          CI Unit: AY
16:35:41.102 INFO unitManager          CI Unit: B
16:35:41.102 INFO unitManager          CI Unit: CH
16:35:41.102 INFO unitManager          CI Unit: D
16:35:41.102 INFO unitManager          CI Unit: DH
16:35:41.102 INFO unitManager          CI Unit: EH
16:35:41.102 INFO unitManager          CI Unit: ER
16:35:41.102 INFO unitManager          CI Unit: EY
16:35:41.102 INFO unitManager          CI Unit: F
16:35:41.102 INFO unitManager          CI Unit: G
16:35:41.102 INFO unitManager          CI Unit: HH
16:35:41.102 INFO unitManager          CI Unit: IH
16:35:41.102 INFO unitManager          CI Unit: IY
16:35:41.102 INFO unitManager          CI Unit: JH
16:35:41.102 INFO unitManager          CI Unit: K
16:35:41.102 INFO unitManager          CI Unit: L
16:35:41.103 INFO unitManager          CI Unit: M
16:35:41.103 INFO unitManager          CI Unit: N
16:35:41.103 INFO unitManager          CI Unit: NG
16:35:41.103 INFO unitManager          CI Unit: OW
16:35:41.103 INFO unitManager          CI Unit: OY
16:35:41.103 INFO unitManager          CI Unit: P
16:35:41.103 INFO unitManager          CI Unit: R
16:35:41.103 INFO unitManager          CI Unit: S
16:35:41.103 INFO unitManager          CI Unit: SH
16:35:41.103 INFO unitManager          CI Unit: T
16:35:41.103 INFO unitManager          CI Unit: TH
16:35:41.103 INFO unitManager          CI Unit: UH
16:35:41.103 INFO unitManager          CI Unit: UW
16:35:41.103 INFO unitManager          CI Unit: V
16:35:41.103 INFO unitManager          CI Unit: W
16:35:41.103 INFO unitManager          CI Unit: Y
16:35:41.104 INFO unitManager          CI Unit: Z
16:35:41.104 INFO unitManager          CI Unit: ZH
16:35:41.409 INFO autoCepstrum         Cepstrum component auto-configured as follows: autoCepstrum {MelFrequencyFilterBank, Denoise, DiscreteCosineTransform2, Lifter}
16:35:41.410 INFO acousticModelLoader  Loading tied-state acoustic model from: jar:file:/mnt/Lucru/Proiecte/SLP/aligner/sphinx4/sphinx4-data/build/libs/sphinx4-data-5prealpha-SNAPSHOT.jar!/edu/cmu/sphinx/models/en-us/en-us
16:35:41.410 INFO acousticModelLoader  Pool means Entries: 16128
16:35:41.410 INFO acousticModelLoader  Pool variances Entries: 16128
16:35:41.410 INFO acousticModelLoader  Pool transition_matrices Entries: 42
16:35:41.410 INFO acousticModelLoader  Pool senones Entries: 5126
16:35:41.410 INFO acousticModelLoader  Gaussian weights: mixture_weights. Entries: 15378
16:35:41.410 INFO acousticModelLoader  Pool senones Entries: 5126
16:35:41.410 INFO acousticModelLoader  Context Independent Unit Entries: 42
16:35:41.410 INFO acousticModelLoader  HMM Manager: 137095 hmms
16:35:41.410 INFO acousticModel        CompositeSenoneSequences: 0
16:35:41.410 INFO dictionary           Loading dictionary from: jar:file:/mnt/Lucru/Proiecte/SLP/aligner/sphinx4/sphinx4-data/build/libs/sphinx4-data-5prealpha-SNAPSHOT.jar!/edu/cmu/sphinx/models/en-us/cmudict-en-us.dict
16:35:41.567 INFO dictionary           Loading filler dictionary from: jar:file:/mnt/Lucru/Proiecte/SLP/aligner/sphinx4/sphinx4-data/build/libs/sphinx4-data-5prealpha-SNAPSHOT.jar!/edu/cmu/sphinx/models/en-us/en-us/noisedict
16:35:41.577 INFO jsgfGrammar          Num nodes : 16
16:35:41.577 INFO jsgfGrammar          Num arcs  : 22
16:35:41.577 INFO jsgfGrammar          Avg arcs  : 1.375
16:35:41.582 INFO speedTracker         # ----------------------------- Timers----------------------------------------
16:35:41.582 INFO speedTracker         # Name               Count   CurTime   MinTime   MaxTime   AvgTime   TotTime   
16:35:41.582 INFO speedTracker         grammarLoad          1       0.0100s   0.0100s   0.0100s   0.0100s   0.0100s   
16:35:41.582 INFO speedTracker         Score                364     0.0000s   0.0000s   0.0220s   0.0026s   0.9340s   
16:35:41.583 INFO speedTracker         Prune                1272    0.0000s   0.0000s   0.0010s   0.0000s   0.0020s   
16:35:41.583 INFO speedTracker         Grow                 1274    0.0000s   0.0000s   1.4410s   0.0022s   2.7640s   
16:35:41.583 INFO speedTracker         Load Dictionary      1       0.1060s   0.1060s   0.1060s   0.1060s   0.1060s   
16:35:41.583 INFO speedTracker         Load Dictionary      1       0.0750s   0.0750s   0.0750s   0.0750s   0.0750s   
16:35:41.583 INFO speedTracker         Load AM              1       0.7180s   0.7180s   0.7180s   0.7180s   0.7180s   
16:35:41.584 INFO speedTracker         Load AM              1       1.7890s   1.7890s   1.7890s   1.7890s   1.7890s   
16:35:41.584 INFO speedTracker         Compile              1       0.3650s   0.3650s   0.3650s   0.3650s   0.3650s   
16:35:41.584 INFO speedTracker         Frontend             184     0.0000s   0.0000s   0.0130s   0.0001s   0.0160s   
16:35:41.584 INFO speedTracker         Load Dictionary      1       0.1570s   0.1570s   0.1570s   0.1570s   0.1570s   
16:35:41.584 INFO speedTracker         Compile              1       0.0040s   0.0040s   0.0040s   0.0040s   0.0040s   
16:35:41.584 INFO speedTracker         Create States        1       0.0000s   0.0000s   0.0000s   0.0000s   0.0000s   
16:35:41.584 INFO speedTracker         Collect Contexts     1       0.0010s   0.0010s   0.0010s   0.0010s   0.0010s   
16:35:41.585 INFO speedTracker         Expand States        1       0.0020s   0.0020s   0.0020s   0.0020s   0.0020s   
16:35:41.585 INFO speedTracker         Connect Nodes        1       0.0000s   0.0000s   0.0000s   0.0000s   0.0000s   
16:35:41.664 INFO speedTracker            This  Time Audio: 1.85s  Proc: 0.07s  Speed: 0.04 X real time
16:35:41.665 INFO speedTracker            Total Time Audio: 1.85s  Proc: 0.07s 0.04 X real time
16:35:41.665 INFO memoryTracker           Mem  Total: 1183.00 Mb  Free: 921.31 Mb
16:35:41.665 INFO memoryTracker           Used: This: 261.69 Mb  Avg: 261.69 Mb  Max: 261.69 Mb
16:35:42.098 INFO unitManager          CI Unit: *+NSN+
16:35:42.098 INFO unitManager          CI Unit: *+SPN+
16:35:42.098 INFO unitManager          CI Unit: AA
16:35:42.098 INFO unitManager          CI Unit: AE
16:35:42.098 INFO unitManager          CI Unit: AH
16:35:42.098 INFO unitManager          CI Unit: AO
16:35:42.099 INFO unitManager          CI Unit: AW
16:35:42.099 INFO unitManager          CI Unit: AY
16:35:42.099 INFO unitManager          CI Unit: B
16:35:42.099 INFO unitManager          CI Unit: CH
16:35:42.099 INFO unitManager          CI Unit: D
16:35:42.099 INFO unitManager          CI Unit: DH
16:35:42.099 INFO unitManager          CI Unit: EH
16:35:42.099 INFO unitManager          CI Unit: ER
16:35:42.099 INFO unitManager          CI Unit: EY
16:35:42.099 INFO unitManager          CI Unit: F
16:35:42.099 INFO unitManager          CI Unit: G
16:35:42.099 INFO unitManager          CI Unit: HH
16:35:42.099 INFO unitManager          CI Unit: IH
16:35:42.099 INFO unitManager          CI Unit: IY
16:35:42.099 INFO unitManager          CI Unit: JH
16:35:42.099 INFO unitManager          CI Unit: K
16:35:42.100 INFO unitManager          CI Unit: L
16:35:42.100 INFO unitManager          CI Unit: M
16:35:42.100 INFO unitManager          CI Unit: N
16:35:42.100 INFO unitManager          CI Unit: NG
16:35:42.100 INFO unitManager          CI Unit: OW
16:35:42.100 INFO unitManager          CI Unit: OY
16:35:42.100 INFO unitManager          CI Unit: P
16:35:42.100 INFO unitManager          CI Unit: R
16:35:42.100 INFO unitManager          CI Unit: S
16:35:42.100 INFO unitManager          CI Unit: SH
16:35:42.100 INFO unitManager          CI Unit: T
16:35:42.100 INFO unitManager          CI Unit: TH
16:35:42.100 INFO unitManager          CI Unit: UH
16:35:42.100 INFO unitManager          CI Unit: UW
16:35:42.100 INFO unitManager          CI Unit: V
16:35:42.100 INFO unitManager          CI Unit: W
16:35:42.100 INFO unitManager          CI Unit: Y
16:35:42.101 INFO unitManager          CI Unit: Z
16:35:42.101 INFO unitManager          CI Unit: ZH
16:35:42.529 INFO autoCepstrum         Cepstrum component auto-configured as follows: autoCepstrum {MelFrequencyFilterBank, Denoise, DiscreteCosineTransform2, Lifter}
16:35:42.537 INFO dictionary           Loading dictionary from: file:/mnt/Lucru/Proiecte/SLP/aligner/sphinx4/sphinx4-core/build/resources/test/edu/cmu/sphinx/linguist/language/ngram/arpa/test.dic
16:35:42.538 INFO dictionary           Loading filler dictionary from: jar:file:/mnt/Lucru/Proiecte/SLP/aligner/sphinx4/sphinx4-data/build/libs/sphinx4-data-5prealpha-SNAPSHOT.jar!/edu/cmu/sphinx/models/en-us/en-us/noisedict
16:35:42.538 INFO acousticModelLoader  Loading tied-state acoustic model from: jar:file:/mnt/Lucru/Proiecte/SLP/aligner/sphinx4/sphinx4-data/build/libs/sphinx4-data-5prealpha-SNAPSHOT.jar!/edu/cmu/sphinx/models/en-us/en-us
16:35:42.538 INFO acousticModelLoader  Pool means Entries: 16128
16:35:42.539 INFO acousticModelLoader  Pool variances Entries: 16128
16:35:42.539 INFO acousticModelLoader  Pool transition_matrices Entries: 42
16:35:42.539 INFO acousticModelLoader  Pool senones Entries: 5126
16:35:42.539 INFO acousticModelLoader  Gaussian weights: mixture_weights. Entries: 15378
16:35:42.539 INFO acousticModelLoader  Pool senones Entries: 5126
16:35:42.539 INFO acousticModelLoader  Context Independent Unit Entries: 42
16:35:42.539 INFO acousticModelLoader  HMM Manager: 137095 hmms
16:35:42.539 INFO acousticModel        CompositeSenoneSequences: 0
16:35:42.704 INFO lexTreeLinguist      Max CI Units 43
16:35:42.704 INFO lexTreeLinguist      Unit table size 79507
16:35:42.704 INFO speedTracker         # ----------------------------- Timers----------------------------------------
16:35:42.704 INFO speedTracker         # Name               Count   CurTime   MinTime   MaxTime   AvgTime   TotTime   
16:35:42.704 INFO speedTracker         Score                364     0.0000s   0.0000s   0.0220s   0.0026s   0.9340s   
16:35:42.705 INFO speedTracker         Prune                1272    0.0000s   0.0000s   0.0010s   0.0000s   0.0020s   
16:35:42.705 INFO speedTracker         Grow                 1274    0.0000s   0.0000s   1.4410s   0.0022s   2.7640s   
16:35:42.705 INFO speedTracker         Load AM              1       0.8540s   0.8540s   0.8540s   0.8540s   0.8540s   
16:35:42.705 INFO speedTracker         Load Dictionary      1       0.1060s   0.1060s   0.1060s   0.1060s   0.1060s   
16:35:42.705 INFO speedTracker         Load Dictionary      1       0.0750s   0.0750s   0.0750s   0.0750s   0.0750s   
16:35:42.705 INFO speedTracker         Compile              1       0.1650s   0.1650s   0.1650s   0.1650s   0.1650s   
16:35:42.705 INFO speedTracker         Load AM              1       1.7890s   1.7890s   1.7890s   1.7890s   1.7890s   
16:35:42.705 INFO speedTracker         Load Dictionary      1       0.0010s   0.0010s   0.0010s   0.0010s   0.0010s   
16:35:42.706 INFO speedTracker         Compile              1       0.3650s   0.3650s   0.3650s   0.3650s   0.3650s   
16:35:42.709 INFO speedTracker         Frontend             184     0.0000s   0.0000s   0.0130s   0.0001s   0.0160s   
16:35:42.959 INFO speedTracker            This  Time Audio: 1.85s  Proc: 0.24s  Speed: 0.13 X real time
16:35:42.960 INFO speedTracker            Total Time Audio: 1.85s  Proc: 0.24s 0.13 X real time
16:35:42.960 INFO memoryTracker           Mem  Total: 1187.00 Mb  Free: 841.69 Mb
16:35:42.961 INFO memoryTracker           Used: This: 345.31 Mb  Avg: 345.31 Mb  Max: 345.31 Mb
]]></system-err>
</testsuite>
