<?xml version="1.0" encoding="UTF-8"?>
<testsuite name="edu.cmu.sphinx.frontend.SpeechMarkerTest" tests="1" skipped="0" failures="0" errors="0" timestamp="2017-11-12T14:35:44" hostname="tibi-Desktop" time="0.001">
  <properties/>
  <testcase name="testEndWithoutSilence on SpeechMarkerTest" classname="edu.cmu.sphinx.frontend.SpeechMarkerTest" time="0.001"/>
  <system-out><![CDATA[]]></system-out>
  <system-err><![CDATA[]]></system-err>
</testsuite>
