<?xml version="1.0" encoding="UTF-8"?>
<testsuite name="edu.cmu.sphinx.decoder.scorer.ScorerTests" tests="2" skipped="0" failures="0" errors="0" timestamp="2017-11-12T14:35:43" hostname="tibi-Desktop" time="1.025">
  <properties/>
  <testcase name="testThreadedScorerDeallocation" classname="edu.cmu.sphinx.decoder.scorer.ScorerTests" time="1.016"/>
  <testcase name="waitUntilSpeechStart" classname="edu.cmu.sphinx.decoder.scorer.ScorerTests" time="0.009"/>
  <system-out><![CDATA[]]></system-out>
  <system-err><![CDATA[testing: SimpleAcousticScorer
testing: ThreadedAcousticScorer
]]></system-err>
</testsuite>
