<?xml version="1.0" encoding="UTF-8"?>
<testsuite name="edu.cmu.sphinx.frontend.FrontendElementTest" tests="7" skipped="0" failures="0" errors="0" timestamp="2017-11-12T14:35:06" hostname="tibi-Desktop" time="1.048">
  <properties/>
  <testcase name="testElement[0](preempTest, after-preemp.dump)" classname="edu.cmu.sphinx.frontend.FrontendElementTest" time="0.271"/>
  <testcase name="testElement[1](windowTest, after-window.dump)" classname="edu.cmu.sphinx.frontend.FrontendElementTest" time="0.422"/>
  <testcase name="testElement[2](fftTest, after-fft.dump)" classname="edu.cmu.sphinx.frontend.FrontendElementTest" time="0.095"/>
  <testcase name="testElement[3](melTest, after-mel.dump)" classname="edu.cmu.sphinx.frontend.FrontendElementTest" time="0.073"/>
  <testcase name="testElement[4](dctTest, after-dct.dump)" classname="edu.cmu.sphinx.frontend.FrontendElementTest" time="0.051"/>
  <testcase name="testElement[5](cmnTest, after-cmn.dump)" classname="edu.cmu.sphinx.frontend.FrontendElementTest" time="0.055"/>
  <testcase name="testElement[6](feTest, after-feature.dump)" classname="edu.cmu.sphinx.frontend.FrontendElementTest" time="0.076"/>
  <system-out><![CDATA[]]></system-out>
  <system-err><![CDATA[]]></system-err>
</testsuite>
