<?xml version="1.0" encoding="UTF-8"?>
<testsuite name="edu.cmu.sphinx.util.props.ConfigurationManagerTest" tests="6" skipped="0" failures="0" errors="0" timestamp="2017-11-12T14:35:06" hostname="tibi-Desktop" time="0.084">
  <properties/>
  <testcase name="testDynamicConfCreation" classname="edu.cmu.sphinx.util.props.ConfigurationManagerTest" time="0.004"/>
  <testcase name="testDynamicConfiguruationChange" classname="edu.cmu.sphinx.util.props.ConfigurationManagerTest" time="0.012"/>
  <testcase name="testGetComponentClass" classname="edu.cmu.sphinx.util.props.ConfigurationManagerTest" time="0.007"/>
  <testcase name="testSerialization" classname="edu.cmu.sphinx.util.props.ConfigurationManagerTest" time="0.012"/>
  <testcase name="testSerializeDynamicConfiguration" classname="edu.cmu.sphinx.util.props.ConfigurationManagerTest" time="0.005"/>
  <testcase name="testXmlExtendedConfiguration" classname="edu.cmu.sphinx.util.props.ConfigurationManagerTest" time="0.017"/>
  <system-out><![CDATA[]]></system-out>
  <system-err><![CDATA[]]></system-err>
</testsuite>
