<?xml version="1.0" encoding="UTF-8"?>
<testsuite name="edu.cmu.sphinx.tools.bandwidth.BandDetectorTest" tests="1" skipped="0" failures="0" errors="0" timestamp="2017-11-12T14:35:05" hostname="tibi-Desktop" time="0.211">
  <properties/>
  <testcase name="test" classname="edu.cmu.sphinx.tools.bandwidth.BandDetectorTest" time="0.211"/>
  <system-out><![CDATA[]]></system-out>
  <system-err><![CDATA[]]></system-err>
</testsuite>
