<?xml version="1.0" encoding="UTF-8"?>
<testsuite name="edu.cmu.sphinx.fst.ImportTest" tests="1" skipped="0" failures="0" errors="0" timestamp="2017-11-12T14:35:07" hostname="tibi-Desktop" time="0.009">
  <properties/>
  <testcase name="testConvert" classname="edu.cmu.sphinx.fst.ImportTest" time="0.009"/>
  <system-out><![CDATA[]]></system-out>
  <system-err><![CDATA[Load Time: 0.003
]]></system-err>
</testsuite>
