<?xml version="1.0" encoding="UTF-8"?>
<testsuite name="edu.cmu.sphinx.decoder.search.test.PartitionerTest" tests="2" skipped="0" failures="0" errors="0" timestamp="2017-11-12T14:35:43" hostname="tibi-Desktop" time="0.09">
  <properties/>
  <testcase name="testPartitionOrders" classname="edu.cmu.sphinx.decoder.search.test.PartitionerTest" time="0.076"/>
  <testcase name="testPartitionSizes" classname="edu.cmu.sphinx.decoder.search.test.PartitionerTest" time="0.014"/>
  <system-out><![CDATA[]]></system-out>
  <system-err><![CDATA[]]></system-err>
</testsuite>
