<?xml version="1.0" encoding="UTF-8"?>
<testsuite name="edu.cmu.sphinx.fst.ArcSortTest" tests="1" skipped="0" failures="0" errors="0" timestamp="2017-11-12T14:35:05" hostname="tibi-Desktop" time="0.011">
  <properties/>
  <testcase name="testArcSort" classname="edu.cmu.sphinx.fst.ArcSortTest" time="0.011"/>
  <system-out><![CDATA[]]></system-out>
  <system-err><![CDATA[]]></system-err>
</testsuite>
