<?xml version="1.0" encoding="UTF-8"?>
<testsuite name="edu.cmu.sphinx.fst.ComposeTest" tests="1" skipped="0" failures="0" errors="0" timestamp="2017-11-12T14:35:06" hostname="tibi-Desktop" time="0.007">
  <properties/>
  <testcase name="testCompose" classname="edu.cmu.sphinx.fst.ComposeTest" time="0.007"/>
  <system-out><![CDATA[]]></system-out>
  <system-err><![CDATA[Load Time: 0.003
]]></system-err>
</testsuite>
