<?xml version="1.0" encoding="UTF-8"?>
<testsuite name="edu.cmu.sphinx.fst.ConnectTest" tests="1" skipped="0" failures="0" errors="0" timestamp="2017-11-12T14:35:06" hostname="tibi-Desktop" time="0.029">
  <properties/>
  <testcase name="testConnect" classname="edu.cmu.sphinx.fst.ConnectTest" time="0.029"/>
  <system-out><![CDATA[]]></system-out>
  <system-err><![CDATA[Load Time: 0.001
]]></system-err>
</testsuite>
