<?xml version="1.0" encoding="UTF-8"?>
<testsuite name="edu.cmu.sphinx.result.PosteriorTest" tests="1" skipped="0" failures="0" errors="0" timestamp="2017-11-12T14:35:43" hostname="tibi-Desktop" time="0.001">
  <properties/>
  <testcase name="testPosterior" classname="edu.cmu.sphinx.result.PosteriorTest" time="0.001"/>
  <system-out><![CDATA[]]></system-out>
  <system-err><![CDATA[]]></system-err>
</testsuite>
