<?xml version="1.0" encoding="UTF-8"?>
<testsuite name="edu.cmu.sphinx.util.props.CMUTests" tests="2" skipped="0" failures="0" errors="0" timestamp="2017-11-12T14:35:06" hostname="tibi-Desktop" time="0.071">
  <properties/>
  <testcase name="setComponentPropertyTest" classname="edu.cmu.sphinx.util.props.CMUTests" time="0.066"/>
  <testcase name="testClassTesting" classname="edu.cmu.sphinx.util.props.CMUTests" time="0.004"/>
  <system-out><![CDATA[]]></system-out>
  <system-err><![CDATA[]]></system-err>
</testsuite>
