<?xml version="1.0" encoding="UTF-8"?>
<testsuite name="edu.cmu.sphinx.fst.NShortestPathsTest" tests="1" skipped="0" failures="0" errors="0" timestamp="2017-11-12T14:35:42" hostname="tibi-Desktop" time="0.006">
  <properties/>
  <testcase name="testNShortestPaths" classname="edu.cmu.sphinx.fst.NShortestPathsTest" time="0.006"/>
  <system-out><![CDATA[]]></system-out>
  <system-err><![CDATA[]]></system-err>
</testsuite>
