<?xml version="1.0" encoding="UTF-8"?>
<testsuite name="edu.cmu.sphinx.fst.RmEpsilonTest" tests="1" skipped="0" failures="0" errors="0" timestamp="2017-11-12T14:35:43" hostname="tibi-Desktop" time="0.008">
  <properties/>
  <testcase name="testRmEpsilon" classname="edu.cmu.sphinx.fst.RmEpsilonTest" time="0.008"/>
  <system-out><![CDATA[]]></system-out>
  <system-err><![CDATA[Load Time: 0.001
]]></system-err>
</testsuite>
